<?xml version="1.0" encoding="utf-8"?>
<?AutomationStudio Version="4.3.3.196"?>
<Objects>
  <Object
    Path="C:\Users\peter\OneDrive\Dokumenter\GitHub\1_semesterprojekt\software\stuctureret text\semesterprojekt_v003\Logical\Package.pkg"
    LogicalPath=""
    Type="Package"
    LastWriteTime="131570255696256518" />
  <Object
    Path="C:\Users\peter\OneDrive\Dokumenter\GitHub\1_semesterprojekt\software\stuctureret text\semesterprojekt_v003\Logical\Global.typ"
    LogicalPath="Global.typ"
    Type="File"
    LastWriteTime="131569503074005205"
    Private="false" />
  <Object
    Path="C:\Users\peter\OneDrive\Dokumenter\GitHub\1_semesterprojekt\software\stuctureret text\semesterprojekt_v003\Logical\Global.var"
    LogicalPath="Global.var"
    Type="File"
    LastWriteTime="131569503074045259"
    Private="false" />
  <Object
    Path="C:\Users\peter\OneDrive\Dokumenter\GitHub\1_semesterprojekt\software\stuctureret text\semesterprojekt_v003\Logical\Libraries\Package.pkg"
    LogicalPath="Libraries"
    Type="Package"
    LastWriteTime="131569503074406034" />
  <Object
    Path="C:\Users\peter\OneDrive\Dokumenter\GitHub\1_semesterprojekt\software\stuctureret text\semesterprojekt_v003\Logical\Libraries\operator\Binary.lby"
    LogicalPath="Libraries.operator"
    Type="Library"
    LastWriteTime="131569503074526215" />
  <Object
    Path="C:\Users\peter\OneDrive\Dokumenter\GitHub\1_semesterprojekt\software\stuctureret text\semesterprojekt_v003\Logical\Libraries\operator\operator.fun"
    LogicalPath="Libraries.operator.operator.fun"
    Type="File"
    LastWriteTime="131569503074566254"
    Private="false" />
  <Object
    Path="C:\Users\peter\OneDrive\Dokumenter\GitHub\1_semesterprojekt\software\stuctureret text\semesterprojekt_v003\Logical\Libraries\operator\operator.typ"
    LogicalPath="Libraries.operator.operator.typ"
    Type="File"
    LastWriteTime="131569503074566254"
    Private="false" />
  <Object
    Path="C:\Users\peter\OneDrive\Dokumenter\GitHub\1_semesterprojekt\software\stuctureret text\semesterprojekt_v003\Logical\Libraries\operator\operator.var"
    LogicalPath="Libraries.operator.operator.var"
    Type="File"
    LastWriteTime="131569503074606304"
    Private="false" />
  <Object
    Path="C:\Users\peter\OneDrive\Dokumenter\GitHub\1_semesterprojekt\software\stuctureret text\semesterprojekt_v003\Logical\Libraries\runtime\Binary.lby"
    LogicalPath="Libraries.runtime"
    Type="Library"
    LastWriteTime="131569503074606304" />
  <Object
    Path="C:\Users\peter\OneDrive\Dokumenter\GitHub\1_semesterprojekt\software\stuctureret text\semesterprojekt_v003\Logical\Libraries\runtime\runtime.fun"
    LogicalPath="Libraries.runtime.runtime.fun"
    Type="File"
    LastWriteTime="131569503074686419"
    Private="false" />
  <Object
    Path="C:\Users\peter\OneDrive\Dokumenter\GitHub\1_semesterprojekt\software\stuctureret text\semesterprojekt_v003\Logical\Libraries\runtime\runtime.typ"
    LogicalPath="Libraries.runtime.runtime.typ"
    Type="File"
    LastWriteTime="131569503074686419"
    Private="false" />
  <Object
    Path="C:\Users\peter\OneDrive\Dokumenter\GitHub\1_semesterprojekt\software\stuctureret text\semesterprojekt_v003\Logical\Libraries\runtime\runtime.var"
    LogicalPath="Libraries.runtime.runtime.var"
    Type="File"
    LastWriteTime="131569503074686419"
    Private="false" />
  <Object
    Path="C:\Users\peter\OneDrive\Dokumenter\GitHub\1_semesterprojekt\software\stuctureret text\semesterprojekt_v003\Logical\Libraries\astime\Binary.lby"
    LogicalPath="Libraries.astime"
    Type="Library"
    LastWriteTime="131569503074406034" />
  <Object
    Path="C:\Users\peter\OneDrive\Dokumenter\GitHub\1_semesterprojekt\software\stuctureret text\semesterprojekt_v003\Logical\Libraries\astime\astime.fun"
    LogicalPath="Libraries.astime.astime.fun"
    Type="File"
    LastWriteTime="131569503074486142"
    Private="false" />
  <Object
    Path="C:\Users\peter\OneDrive\Dokumenter\GitHub\1_semesterprojekt\software\stuctureret text\semesterprojekt_v003\Logical\Libraries\astime\astime.typ"
    LogicalPath="Libraries.astime.astime.typ"
    Type="File"
    LastWriteTime="131569503074486142"
    Private="false" />
  <Object
    Path="C:\Users\peter\OneDrive\Dokumenter\GitHub\1_semesterprojekt\software\stuctureret text\semesterprojekt_v003\Logical\Libraries\astime\astime.var"
    LogicalPath="Libraries.astime.astime.var"
    Type="File"
    LastWriteTime="131569503074486142"
    Private="false" />
  <Object
    Path="C:\Users\peter\OneDrive\Dokumenter\GitHub\1_semesterprojekt\software\stuctureret text\semesterprojekt_v003\Logical\Libraries\AsIecCon\Binary.lby"
    LogicalPath="Libraries.AsIecCon"
    Type="Library"
    LastWriteTime="131569503074205569" />
  <Object
    Path="C:\Users\peter\OneDrive\Dokumenter\GitHub\1_semesterprojekt\software\stuctureret text\semesterprojekt_v003\Logical\Libraries\AsIecCon\AsIecCon.fun"
    LogicalPath="Libraries.AsIecCon.AsIecCon.fun"
    Type="File"
    LastWriteTime="131569503074170488"
    Private="false" />
  <Object
    Path="C:\Users\peter\OneDrive\Dokumenter\GitHub\1_semesterprojekt\software\stuctureret text\semesterprojekt_v003\Logical\Libraries\AsIecCon\AsIecCon.typ"
    LogicalPath="Libraries.AsIecCon.AsIecCon.typ"
    Type="File"
    LastWriteTime="131569503074185523"
    Private="false" />
  <Object
    Path="C:\Users\peter\OneDrive\Dokumenter\GitHub\1_semesterprojekt\software\stuctureret text\semesterprojekt_v003\Logical\Libraries\AsIecCon\AsIecCon.var"
    LogicalPath="Libraries.AsIecCon.AsIecCon.var"
    Type="File"
    LastWriteTime="131569503074195552"
    Private="false" />
  <Object
    Path="C:\Users\peter\OneDrive\Dokumenter\GitHub\1_semesterprojekt\software\stuctureret text\semesterprojekt_v003\Logical\Libraries\AsTCP\Binary.lby"
    LogicalPath="Libraries.AsTCP"
    Type="Library"
    LastWriteTime="131569503074365988" />
  <Object
    Path="C:\Users\peter\OneDrive\Dokumenter\GitHub\1_semesterprojekt\software\stuctureret text\semesterprojekt_v003\Logical\Libraries\AsTCP\AsTCP.fun"
    LogicalPath="Libraries.AsTCP.AsTCP.fun"
    Type="File"
    LastWriteTime="131569503074325893"
    Private="false" />
  <Object
    Path="C:\Users\peter\OneDrive\Dokumenter\GitHub\1_semesterprojekt\software\stuctureret text\semesterprojekt_v003\Logical\Libraries\AsTCP\AsTCP.typ"
    LogicalPath="Libraries.AsTCP.AsTCP.typ"
    Type="File"
    LastWriteTime="131569503074325893"
    Private="false" />
  <Object
    Path="C:\Users\peter\OneDrive\Dokumenter\GitHub\1_semesterprojekt\software\stuctureret text\semesterprojekt_v003\Logical\Libraries\AsTCP\AsTCP.var"
    LogicalPath="Libraries.AsTCP.AsTCP.var"
    Type="File"
    LastWriteTime="131569503074325893"
    Private="false" />
  <Object
    Path="C:\Users\peter\OneDrive\Dokumenter\GitHub\1_semesterprojekt\software\stuctureret text\semesterprojekt_v003\Logical\Libraries\AsBrStr\Binary.lby"
    LogicalPath="Libraries.AsBrStr"
    Type="Library"
    LastWriteTime="131569503074085309" />
  <Object
    Path="C:\Users\peter\OneDrive\Dokumenter\GitHub\1_semesterprojekt\software\stuctureret text\semesterprojekt_v003\Logical\Libraries\AsBrStr\AsBrStr.fun"
    LogicalPath="Libraries.AsBrStr.AsBrStr.fun"
    Type="File"
    LastWriteTime="131569503074045259"
    Private="false" />
  <Object
    Path="C:\Users\peter\OneDrive\Dokumenter\GitHub\1_semesterprojekt\software\stuctureret text\semesterprojekt_v003\Logical\Libraries\AsBrStr\AsBrStr.typ"
    LogicalPath="Libraries.AsBrStr.AsBrStr.typ"
    Type="File"
    LastWriteTime="131569503074045259"
    Private="false" />
  <Object
    Path="C:\Users\peter\OneDrive\Dokumenter\GitHub\1_semesterprojekt\software\stuctureret text\semesterprojekt_v003\Logical\Libraries\AsBrStr\AsBrStr.var"
    LogicalPath="Libraries.AsBrStr.AsBrStr.var"
    Type="File"
    LastWriteTime="131569503074085309"
    Private="false" />
  <Object
    Path="C:\Users\peter\OneDrive\Dokumenter\GitHub\1_semesterprojekt\software\stuctureret text\semesterprojekt_v003\Logical\Libraries\standard\Binary.lby"
    LogicalPath="Libraries.standard"
    Type="Library"
    LastWriteTime="131569503074726469" />
  <Object
    Path="C:\Users\peter\OneDrive\Dokumenter\GitHub\1_semesterprojekt\software\stuctureret text\semesterprojekt_v003\Logical\Libraries\standard\standard.fun"
    LogicalPath="Libraries.standard.standard.fun"
    Type="File"
    LastWriteTime="131569503074766515"
    Private="false" />
  <Object
    Path="C:\Users\peter\OneDrive\Dokumenter\GitHub\1_semesterprojekt\software\stuctureret text\semesterprojekt_v003\Logical\Libraries\standard\standard.typ"
    LogicalPath="Libraries.standard.standard.typ"
    Type="File"
    LastWriteTime="131569503074766515"
    Private="false" />
  <Object
    Path="C:\Users\peter\OneDrive\Dokumenter\GitHub\1_semesterprojekt\software\stuctureret text\semesterprojekt_v003\Logical\Libraries\standard\standard.var"
    LogicalPath="Libraries.standard.standard.var"
    Type="File"
    LastWriteTime="131569503074806569"
    Private="false" />
  <Object
    Path="C:\Users\peter\OneDrive\Dokumenter\GitHub\1_semesterprojekt\software\stuctureret text\semesterprojekt_v003\Logical\Libraries\AsMbTCP\Binary.lby"
    LogicalPath="Libraries.AsMbTCP"
    Type="Library"
    LastWriteTime="131569503074305839" />
  <Object
    Path="C:\Users\peter\OneDrive\Dokumenter\GitHub\1_semesterprojekt\software\stuctureret text\semesterprojekt_v003\Logical\Libraries\AsMbTCP\AsMbTCP.fun"
    LogicalPath="Libraries.AsMbTCP.AsMbTCP.fun"
    Type="File"
    LastWriteTime="131569503074265740"
    Private="false" />
  <Object
    Path="C:\Users\peter\OneDrive\Dokumenter\GitHub\1_semesterprojekt\software\stuctureret text\semesterprojekt_v003\Logical\Libraries\AsMbTCP\AsMbTCP.typ"
    LogicalPath="Libraries.AsMbTCP.AsMbTCP.typ"
    Type="File"
    LastWriteTime="131569503074280779"
    Private="false" />
  <Object
    Path="C:\Users\peter\OneDrive\Dokumenter\GitHub\1_semesterprojekt\software\stuctureret text\semesterprojekt_v003\Logical\Libraries\AsMbTCP\AsMbTCP.var"
    LogicalPath="Libraries.AsMbTCP.AsMbTCP.var"
    Type="File"
    LastWriteTime="131569503074290816"
    Private="false" />
  <Object
    Path="C:\Users\peter\OneDrive\Dokumenter\GitHub\1_semesterprojekt\software\stuctureret text\semesterprojekt_v003\Logical\Draw\IEC.prg"
    LogicalPath="Draw"
    Type="Program"
    LastWriteTime="131570222609653250" />
  <Object
    Path="C:\Users\peter\OneDrive\Dokumenter\GitHub\1_semesterprojekt\software\stuctureret text\semesterprojekt_v003\Logical\Draw\Main.st"
    LogicalPath="Draw.Main.st"
    Type="File"
    LastWriteTime="131570247572140083"
    Private="false" />
  <Object
    Path="C:\Users\peter\OneDrive\Dokumenter\GitHub\1_semesterprojekt\software\stuctureret text\semesterprojekt_v003\Logical\Draw\Types.typ"
    LogicalPath="Draw.Types.typ"
    Type="File"
    LastWriteTime="131570222609693224"
    Private="true" />
  <Object
    Path="C:\Users\peter\OneDrive\Dokumenter\GitHub\1_semesterprojekt\software\stuctureret text\semesterprojekt_v003\Logical\Draw\Variables.var"
    LogicalPath="Draw.Variables.var"
    Type="File"
    LastWriteTime="131570222609733225"
    Private="true" />
  <Object
    Path="C:\Users\peter\OneDrive\Dokumenter\GitHub\1_semesterprojekt\software\stuctureret text\semesterprojekt_v003\Logical\reset\IEC.prg"
    LogicalPath="reset"
    Type="Program"
    LastWriteTime="131569503082179347" />
  <Object
    Path="C:\Users\peter\OneDrive\Dokumenter\GitHub\1_semesterprojekt\software\stuctureret text\semesterprojekt_v003\Logical\reset\Main.st"
    LogicalPath="reset.Main.st"
    Type="File"
    LastWriteTime="131569503082194386"
    Private="false" />
  <Object
    Path="C:\Users\peter\OneDrive\Dokumenter\GitHub\1_semesterprojekt\software\stuctureret text\semesterprojekt_v003\Logical\reset\Types.typ"
    LogicalPath="reset.Types.typ"
    Type="File"
    LastWriteTime="131569503082194386"
    Private="true" />
  <Object
    Path="C:\Users\peter\OneDrive\Dokumenter\GitHub\1_semesterprojekt\software\stuctureret text\semesterprojekt_v003\Logical\reset\Variables.var"
    LogicalPath="reset.Variables.var"
    Type="File"
    LastWriteTime="131569503082204422"
    Private="true" />
  <Object
    Path="C:\Users\peter\OneDrive\Dokumenter\GitHub\1_semesterprojekt\software\stuctureret text\semesterprojekt_v003\Logical\emergencyStop\IEC.prg"
    LogicalPath="emergencyStop"
    Type="Program"
    LastWriteTime="131569503082129211" />
  <Object
    Path="C:\Users\peter\OneDrive\Dokumenter\GitHub\1_semesterprojekt\software\stuctureret text\semesterprojekt_v003\Logical\emergencyStop\Main.st"
    LogicalPath="emergencyStop.Main.st"
    Type="File"
    LastWriteTime="131569503082129211"
    Private="false" />
  <Object
    Path="C:\Users\peter\OneDrive\Dokumenter\GitHub\1_semesterprojekt\software\stuctureret text\semesterprojekt_v003\Logical\emergencyStop\Types.typ"
    LogicalPath="emergencyStop.Types.typ"
    Type="File"
    LastWriteTime="131569503082129211"
    Private="true" />
  <Object
    Path="C:\Users\peter\OneDrive\Dokumenter\GitHub\1_semesterprojekt\software\stuctureret text\semesterprojekt_v003\Logical\emergencyStop\Variables.var"
    LogicalPath="emergencyStop.Variables.var"
    Type="File"
    LastWriteTime="131569503082169265"
    Private="true" />
  <Object
    Path="C:\Users\peter\OneDrive\Dokumenter\GitHub\1_semesterprojekt\software\stuctureret text\semesterprojekt_v003\Logical\TCP\IEC.prg"
    LogicalPath="TCP"
    Type="Program"
    LastWriteTime="131569503074846627" />
  <Object
    Path="C:\Users\peter\OneDrive\Dokumenter\GitHub\1_semesterprojekt\software\stuctureret text\semesterprojekt_v003\Logical\TCP\Main.st"
    LogicalPath="TCP.Main.st"
    Type="File"
    LastWriteTime="131570222609733225"
    Private="false" />
  <Object
    Path="C:\Users\peter\OneDrive\Dokumenter\GitHub\1_semesterprojekt\software\stuctureret text\semesterprojekt_v003\Logical\TCP\Types.typ"
    LogicalPath="TCP.Types.typ"
    Type="File"
    LastWriteTime="131569503074886692"
    Private="true" />
  <Object
    Path="C:\Users\peter\OneDrive\Dokumenter\GitHub\1_semesterprojekt\software\stuctureret text\semesterprojekt_v003\Logical\TCP\Variables.var"
    LogicalPath="TCP.Variables.var"
    Type="File"
    LastWriteTime="131569503074886692"
    Private="true" />
  <Object
    Path="C:\Users\peter\OneDrive\Dokumenter\GitHub\1_semesterprojekt\software\stuctureret text\semesterprojekt_v003\Logical\Visu_4\Vc.dob"
    LogicalPath="Visu_4"
    Type="DataObject"
    LastWriteTime="131570253664562999" />
  <Object
    Path="C:\Users\peter\OneDrive\Dokumenter\GitHub\1_semesterprojekt\software\stuctureret text\semesterprojekt_v003\Logical\Visu_4\VCObject.vc"
    LogicalPath="Visu_4.VCObject.vc"
    Type="File"
    LastWriteTime="131570255696541894"
    Private="false" />
  <Object
    Path="C:\Users\peter\OneDrive\Dokumenter\GitHub\1_semesterprojekt\software\stuctureret text\semesterprojekt_v003\Physical\Config1\Config.pkg"
    LogicalPath="Config1"
    Type="Configuration"
    LastWriteTime="131569503082219453" />
  <Object
    Path="C:\Users\peter\OneDrive\Dokumenter\GitHub\1_semesterprojekt\software\stuctureret text\semesterprojekt_v003\Physical\Config1\Hardware.hw"
    LogicalPath="Config1.Hardware.hw"
    Type="File"
    LastWriteTime="131570258527206286"
    Private="false" />
  <Object
    Path="C:\Users\peter\OneDrive\Dokumenter\GitHub\1_semesterprojekt\software\stuctureret text\semesterprojekt_v003\Physical\Config1\Hardware.hwl"
    LogicalPath="Config1.Hardware.hwl"
    Type="File"
    LastWriteTime="131569503082239499"
    Private="false" />
  <Object
    Path="C:\Users\peter\OneDrive\Dokumenter\GitHub\1_semesterprojekt\software\stuctureret text\semesterprojekt_v003\Physical\Config1\X20CP1382\Cpu.pkg"
    LogicalPath="Config1.X20CP1382"
    Type="Cpu"
    LastWriteTime="131570248631349658" />
  <Object
    Path="C:\Users\peter\OneDrive\Dokumenter\GitHub\1_semesterprojekt\software\stuctureret text\semesterprojekt_v003\Physical\Config1\X20CP1382\Cpu.sw"
    LogicalPath="Config1.X20CP1382.Cpu.sw"
    Type="File"
    LastWriteTime="131570253673905992"
    Private="false" />
  <Object
    Path="C:\Users\peter\OneDrive\Dokumenter\GitHub\1_semesterprojekt\software\stuctureret text\semesterprojekt_v003\Physical\Config1\X20CP1382\Cpu.per"
    LogicalPath="Config1.X20CP1382.Cpu.per"
    Type="File"
    LastWriteTime="131569503082453293"
    Private="false" />
  <Object
    Path="C:\Users\peter\OneDrive\Dokumenter\GitHub\1_semesterprojekt\software\stuctureret text\semesterprojekt_v003\Physical\Config1\X20CP1382\IoMap.iom"
    LogicalPath="Config1.X20CP1382.IoMap.iom"
    Type="File"
    LastWriteTime="131569503082493358"
    Private="false" />
  <Object
    Path="C:\Users\peter\OneDrive\Dokumenter\GitHub\1_semesterprojekt\software\stuctureret text\semesterprojekt_v003\Physical\Config1\X20CP1382\PvMap.vvm"
    LogicalPath="Config1.X20CP1382.PvMap.vvm"
    Type="File"
    LastWriteTime="131569503082493358"
    Private="false" />
  <Object
    Path="C:\Users\peter\OneDrive\Dokumenter\GitHub\1_semesterprojekt\software\stuctureret text\semesterprojekt_v003\Physical\Config1\X20CP1382\mapp\Package.pkg"
    LogicalPath="Config1.X20CP1382.mapp"
    Type="Package"
    LastWriteTime="131569503082573462" />
  <Object
    Path="C:\Users\peter\OneDrive\Dokumenter\GitHub\1_semesterprojekt\software\stuctureret text\semesterprojekt_v003\Physical\Config1\X20CP1382\Connectivity\Package.pkg"
    LogicalPath="Config1.X20CP1382.Connectivity"
    Type="Package"
    LastWriteTime="131569503082453293" />
  <Object
    Path="C:\Users\peter\OneDrive\Dokumenter\GitHub\1_semesterprojekt\software\stuctureret text\semesterprojekt_v003\Physical\Config1\X20CP1382\Connectivity\OpcUA\Package.pkg"
    LogicalPath="Config1.X20CP1382.Connectivity.OpcUA"
    Type="Package"
    LastWriteTime="131569503082413239" />
  <Object
    Path="C:\Users\peter\OneDrive\Dokumenter\GitHub\1_semesterprojekt\software\stuctureret text\semesterprojekt_v003\Physical\Config1\X20CP1382\TextSystem\Package.pkg"
    LogicalPath="Config1.X20CP1382.TextSystem"
    Type="Package"
    LastWriteTime="131569503082493358" />
  <Object
    Path="C:\Users\peter\OneDrive\Dokumenter\GitHub\1_semesterprojekt\software\stuctureret text\semesterprojekt_v003\Physical\Config1\X20CP1382\UnitSystem\Package.pkg"
    LogicalPath="Config1.X20CP1382.UnitSystem"
    Type="Package"
    LastWriteTime="131569503082533420" />
  <Object
    Path="C:\Users\peter\OneDrive\Dokumenter\GitHub\1_semesterprojekt\software\stuctureret text\semesterprojekt_v003\Physical\Config1\X20CP1382\AccessAndSecurity\Package.pkg"
    LogicalPath="Config1.X20CP1382.AccessAndSecurity"
    Type="Package"
    LastWriteTime="131569503082373197" />
  <Object
    Path="C:\Users\peter\OneDrive\Dokumenter\GitHub\1_semesterprojekt\software\stuctureret text\semesterprojekt_v003\Physical\Config1\X20CP1382\AccessAndSecurity\UserRoleSystem\Package.pkg"
    LogicalPath="Config1.X20CP1382.AccessAndSecurity.UserRoleSystem"
    Type="Package"
    LastWriteTime="131569503082373197" />
  <Object
    Path="C:\Users\peter\OneDrive\Dokumenter\GitHub\1_semesterprojekt\software\stuctureret text\semesterprojekt_v003\Physical\Config1\X20CP1382\AccessAndSecurity\UserRoleSystem\Role.role"
    LogicalPath="Config1.X20CP1382.AccessAndSecurity.UserRoleSystem.Role.role"
    Type="File"
    LastWriteTime="131569503082413239"
    Private="false" />
  <Object
    Path="C:\Users\peter\OneDrive\Dokumenter\GitHub\1_semesterprojekt\software\stuctureret text\semesterprojekt_v003\Physical\Config1\X20CP1382\AccessAndSecurity\UserRoleSystem\User.user"
    LogicalPath="Config1.X20CP1382.AccessAndSecurity.UserRoleSystem.User.user"
    Type="File"
    LastWriteTime="131569503082413239"
    Private="false" />
  <Object
    Path="C:\Users\peter\OneDrive\Dokumenter\GitHub\1_semesterprojekt\software\stuctureret text\semesterprojekt_v003\Physical\Config1\X20CP1382\AccessAndSecurity\CertificateStore\Package.pkg"
    LogicalPath="Config1.X20CP1382.AccessAndSecurity.CertificateStore"
    Type="Package"
    LastWriteTime="131569503082329741" />
  <Object
    Path="C:\Users\peter\OneDrive\Dokumenter\GitHub\1_semesterprojekt\software\stuctureret text\semesterprojekt_v003\Physical\Config1\X20CP1382\AccessAndSecurity\CertificateStore\OwnCertificates\Package.pkg"
    LogicalPath="Config1.X20CP1382.AccessAndSecurity.CertificateStore.OwnCertificates"
    Type="Package"
    LastWriteTime="131569503082314698" />
  <Object
    Path="C:\Users\peter\OneDrive\Dokumenter\GitHub\1_semesterprojekt\software\stuctureret text\semesterprojekt_v003\Physical\Config1\X20CP1382\AccessAndSecurity\CertificateStore\OwnCertificates\Certificates\Package.pkg"
    LogicalPath="Config1.X20CP1382.AccessAndSecurity.CertificateStore.OwnCertificates.Certificates"
    Type="Package"
    LastWriteTime="131569503082299663" />
  <Object
    Path="C:\Users\peter\OneDrive\Dokumenter\GitHub\1_semesterprojekt\software\stuctureret text\semesterprojekt_v003\Physical\Config1\X20CP1382\AccessAndSecurity\CertificateStore\OwnCertificates\PrivateKeys\Package.pkg"
    LogicalPath="Config1.X20CP1382.AccessAndSecurity.CertificateStore.OwnCertificates.PrivateKeys"
    Type="Package"
    LastWriteTime="131569503082324731" />
  <Object
    Path="C:\Users\peter\OneDrive\Dokumenter\GitHub\1_semesterprojekt\software\stuctureret text\semesterprojekt_v003\Physical\Config1\X20CP1382\AccessAndSecurity\CertificateStore\ThirdPartyCertificates\Package.pkg"
    LogicalPath="Config1.X20CP1382.AccessAndSecurity.CertificateStore.ThirdPartyCertificates"
    Type="Package"
    LastWriteTime="131569503082329741" />
  <Object
    Path="C:\Users\peter\OneDrive\Dokumenter\GitHub\1_semesterprojekt\software\stuctureret text\semesterprojekt_v003\Physical\Config1\X20CP1382\AccessAndSecurity\CertificateStore\ThirdPartyCertificates\SoftwareCertificates\Package.pkg"
    LogicalPath="Config1.X20CP1382.AccessAndSecurity.CertificateStore.ThirdPartyCertificates.SoftwareCertificates"
    Type="Package"
    LastWriteTime="131569503082329741" />
  <Object
    Path="C:\Users\peter\OneDrive\Dokumenter\GitHub\1_semesterprojekt\software\stuctureret text\semesterprojekt_v003\Physical\Config1\X20CP1382\AccessAndSecurity\CertificateStore\CertificateRevocationLists\Package.pkg"
    LogicalPath="Config1.X20CP1382.AccessAndSecurity.CertificateStore.CertificateRevocationLists"
    Type="Package"
    LastWriteTime="131569503082269592" />
  <Object
    Path="C:\Users\peter\OneDrive\Dokumenter\GitHub\1_semesterprojekt\software\stuctureret text\semesterprojekt_v003\Physical\Config1\X20CP1382\AccessAndSecurity\CertificateStore\CertificateSigningRequests\Package.pkg"
    LogicalPath="Config1.X20CP1382.AccessAndSecurity.CertificateStore.CertificateSigningRequests"
    Type="Package"
    LastWriteTime="131569503082284643" />
  <Object
    Path="C:\Users\peter\OneDrive\Dokumenter\GitHub\1_semesterprojekt\software\stuctureret text\semesterprojekt_v003\Physical\Config1\X20CP1382\AccessAndSecurity\TransportLayerSecurity\Package.pkg"
    LogicalPath="Config1.X20CP1382.AccessAndSecurity.TransportLayerSecurity"
    Type="Package"
    LastWriteTime="131569503082373197" />
  <Object
    Path="C:\Users\peter\OneDrive\Dokumenter\GitHub\1_semesterprojekt\software\stuctureret text\semesterprojekt_v003\Physical\Config1\X20CP1382\VC\Package.pkg"
    LogicalPath="Config1.X20CP1382.VC"
    Type="Package"
    LastWriteTime="131570258526057118" />
  <Object
    Path="C:\Users\peter\OneDrive\Dokumenter\GitHub\1_semesterprojekt\software\stuctureret text\semesterprojekt_v003\Physical\Config1\X20CP1382\VC\PS2-Keyboard.dis"
    LogicalPath="Config1.X20CP1382.VC.PS2-Keyboard.dis"
    Type="File"
    LastWriteTime="131569503082533420"
    Private="false" />
  <Object
    Path="C:\Users\peter\OneDrive\Dokumenter\GitHub\1_semesterprojekt\software\stuctureret text\semesterprojekt_v003\Physical\Config1\X20CP1382\VC\PS2-Keyboard1.dis"
    LogicalPath="Config1.X20CP1382.VC.PS2-Keyboard1.dis"
    Type="File"
    LastWriteTime="131569503082533420"
    Private="false" />
  <Object
    Path="C:\Users\peter\OneDrive\Dokumenter\GitHub\1_semesterprojekt\software\stuctureret text\semesterprojekt_v003\Physical\Config1\X20CP1382\VC\PS2-Keyboard2.dis"
    LogicalPath="Config1.X20CP1382.VC.PS2-Keyboard2.dis"
    Type="File"
    LastWriteTime="131570258526297380"
    Private="false" />
  <Object
    Path="C:\Users\peter\OneDrive\Dokumenter\GitHub\1_semesterprojekt\software\stuctureret text\semesterprojekt_v003\Physical\Config1\Hardware.jpg"
    LogicalPath="Config1.Hardware.jpg"
    Type="File"
    LastWriteTime="131569503082254553"
    Private="false" />
  <Object
    Path="C:\Users\peter\OneDrive\Dokumenter\GitHub\1_semesterprojekt\software\stuctureret text\semesterprojekt_v003\Logical\Libraries\AsBrStr\SG4\AsBrStr.h"
    LogicalPath="AsBrStr.h"
    Type="File"
    LastWriteTime="131569503074125363"
    Private="false" />
  <Object
    Path="C:\Users\peter\OneDrive\Dokumenter\GitHub\1_semesterprojekt\software\stuctureret text\semesterprojekt_v003\Logical\Libraries\AsIecCon\SG4\AsIecCon.h"
    LogicalPath="AsIecCon.h"
    Type="File"
    LastWriteTime="131569503074235647"
    Private="false" />
  <Object
    Path="C:\Users\peter\OneDrive\Dokumenter\GitHub\1_semesterprojekt\software\stuctureret text\semesterprojekt_v003\Logical\Libraries\AsMbTCP\SG4\AsMbTCP.h"
    LogicalPath="AsMbTCP.h"
    Type="File"
    LastWriteTime="131569503074320894"
    Private="false" />
  <Object
    Path="C:\Users\peter\OneDrive\Dokumenter\GitHub\1_semesterprojekt\software\stuctureret text\semesterprojekt_v003\Logical\Libraries\AsTCP\SG4\AsTCP.h"
    LogicalPath="AsTCP.h"
    Type="File"
    LastWriteTime="131569503074365988"
    Private="false" />
  <Object
    Path="C:\Users\peter\OneDrive\Dokumenter\GitHub\1_semesterprojekt\software\stuctureret text\semesterprojekt_v003\Logical\Libraries\astime\SG4\astime.h"
    LogicalPath="astime.h"
    Type="File"
    LastWriteTime="131569503074446100"
    Private="false" />
  <Object
    Path="C:\Users\peter\OneDrive\Dokumenter\GitHub\1_semesterprojekt\software\stuctureret text\semesterprojekt_v003\Logical\Libraries\operator\SG4\operator.h"
    LogicalPath="operator.h"
    Type="File"
    LastWriteTime="131569503074566254"
    Private="false" />
  <Object
    Path="C:\Users\peter\OneDrive\Dokumenter\GitHub\1_semesterprojekt\software\stuctureret text\semesterprojekt_v003\Logical\Libraries\runtime\SG4\runtime.h"
    LogicalPath="runtime.h"
    Type="File"
    LastWriteTime="131569503074646361"
    Private="false" />
  <Object
    Path="C:\Users\peter\OneDrive\Dokumenter\GitHub\1_semesterprojekt\software\stuctureret text\semesterprojekt_v003\Logical\Libraries\standard\SG4\standard.h"
    LogicalPath="standard.h"
    Type="File"
    LastWriteTime="131569503074726469"
    Private="false" />
</Objects>