<?xml version="1.0" encoding="utf-8"?>
<?AutomationStudio Version=3.0?>
<Transfer xmlns="http://br-automation.co.at/AS/Transfer">
  <OperatingSystem Version="I4.33"/>
  <Hardware Target="SG4"/>
  <Operation Delete="TCP.br"/>
  <Operation Delete="emergencyS.br"/>
  <Operation Delete="reset.br"/>
  <Operation Delete="Draw.br"/>
  <Operation Delete="Visu_1.br"/>
  <Operation Delete="Visu_R.br"/>
  <Operation Delete="vccbar.br"/>
  <Operation Delete="AsMbTCP.br"/>
  <Operation Delete="vccshape.br"/>
  <Operation Delete="vcbclass.br"/>
  <Operation Delete="vctcal.br"/>
  <Operation Delete="vcdsloc.br"/>
  <Operation Delete="vccbtn.br"/>
  <Operation Delete="vcalarm.br"/>
  <Operation Delete="vcfile.br"/>
  <Operation Delete="vcpdsw.br"/>
  <Operation Delete="vcpdvnc.br"/>
  <Operation Delete="vcpfx20.br"/>
  <Operation Delete="vcdsint.br"/>
  <Operation Delete="vcpfar00.br"/>
  <Operation Delete="vccnum.br"/>
  <Operation Delete="vccovl.br"/>
  <Operation Delete="vcpkat.br"/>
  <Operation Delete="vcmgr.br"/>
  <Operation Delete="vcctext.br"/>
  <Operation Delete="vcfntttf.br"/>
  <Operation Delete="vcrt.br"/>
  <Operation Delete="AsTCP.br"/>
  <Operation Delete="asieccon.br"/>
  <Operation Delete="Visu_103.br"/>
  <Operation Delete="Visu_102.br"/>
  <Operation Delete="Visu_101.br"/>
  <Operation Delete="vcshared.br"/>
  <Operation Delete="arialbd.br"/>
  <Operation Delete="arial.br"/>
  <Operation Delete="Visu_R03.br"/>
  <Operation Delete="Visu_R02.br"/>
  <Operation Delete="Visu_R01.br"/>
  <Operation Delete="astime.br"/>
  <Operation Delete="vcgclass.br"/>
  <Operation Delete="fileio.br"/>
  <Operation Delete="dataobj.br"/>
  <Operation Delete="vcnet.br"/>
  <Operation Delete="ashw.br"/>
  <Operation Download="asfw.br" Memory="SystemROM"/>
  <Operation Download="ashwd.br" Memory="SystemROM"/>
  <Operation Download="arconfig.br" Memory="SystemROM"/>
  <Operation Download="sysconf.br" Memory="SystemROM"/>
  <Operation Restart="warm"/>
  <Operation Download="udbdef.br" Memory="UserROM"/>
  <Operation Download="TCData.br" Memory="SystemROM"/>
  <Operation Download="Role.br" Memory="UserROM"/>
  <Operation Download="User.br" Memory="UserROM"/>
  <Operation Download="iomap.br" Memory="UserROM"/>
  <Operation Download="ashwac.br" Memory="UserROM"/>
  <Operation Download="standard.br" Memory="UserROM"/>
  <Operation Download="vcresman.br" Memory="UserROM"/>
  <Operation Download="runtime.br" Memory="UserROM"/>
  <Operation Download="AsBrStr.br" Memory="UserROM"/>
  <Operation Download="ashw.br" Memory="UserROM"/>
  <Operation Download="vcnet.br" Memory="UserROM"/>
  <Operation Download="dataobj.br" Memory="UserROM"/>
  <Operation Download="fileio.br" Memory="UserROM"/>
  <Operation Download="vcgclass.br" Memory="UserROM"/>
  <Operation Download="astime.br" Memory="UserROM"/>
  <Operation Download="Visu_R01.br" Memory="UserROM"/>
  <Operation Download="Visu_R02.br" Memory="UserROM"/>
  <Operation Download="Visu_R03.br" Memory="UserROM"/>
  <Operation Download="arial.br" Memory="UserROM"/>
  <Operation Download="arialbd.br" Memory="UserROM"/>
  <Operation Download="vcshared.br" Memory="UserROM"/>
  <Operation Download="Visu_101.br" Memory="UserROM"/>
  <Operation Download="Visu_102.br" Memory="UserROM"/>
  <Operation Download="Visu_103.br" Memory="UserROM"/>
  <Operation Download="asieccon.br" Memory="UserROM"/>
  <Operation Download="AsTCP.br" Memory="UserROM"/>
  <Operation Download="vcrt.br" Memory="UserROM"/>
  <Operation Download="vcfntttf.br" Memory="UserROM"/>
  <Operation Download="vcctext.br" Memory="UserROM"/>
  <Operation Download="vcmgr.br" Memory="UserROM"/>
  <Operation Download="vcpkat.br" Memory="UserROM"/>
  <Operation Download="vccovl.br" Memory="UserROM"/>
  <Operation Download="vccnum.br" Memory="UserROM"/>
  <Operation Download="vcpfar00.br" Memory="UserROM"/>
  <Operation Download="vcdsint.br" Memory="UserROM"/>
  <Operation Download="vcpfx20.br" Memory="UserROM"/>
  <Operation Download="vcpdvnc.br" Memory="UserROM"/>
  <Operation Download="vcpdsw.br" Memory="UserROM"/>
  <Operation Download="vcfile.br" Memory="UserROM"/>
  <Operation Download="vcalarm.br" Memory="UserROM"/>
  <Operation Download="vccbtn.br" Memory="UserROM"/>
  <Operation Download="vcdsloc.br" Memory="UserROM"/>
  <Operation Download="vctcal.br" Memory="UserROM"/>
  <Operation Download="vcbclass.br" Memory="UserROM"/>
  <Operation Download="vccshape.br" Memory="UserROM"/>
  <Operation Download="AsMbTCP.br" Memory="UserROM"/>
  <Operation Download="vccbar.br" Memory="UserROM"/>
  <Operation Download="Visu_R.br" Memory="UserROM"/>
  <Operation Download="Visu_1.br" Memory="UserROM"/>
  <Operation Download="Draw.br" Memory="UserROM"/>
  <Operation Download="reset.br" Memory="UserROM"/>
  <Operation Download="emergencyS.br" Memory="UserROM"/>
  <Operation Download="TCP.br" Memory="UserROM"/>
</Transfer>